[
  {
    "level": "INFO",
    "message": "android.ndkVersion from module build.gradle is [not set]",
    "diagnosticCode": "UNKNOWN"
  },
  {
    "level": "INFO",
    "message": "android.ndkPath from module build.gradle is not set",
    "diagnosticCode": "UNKNOWN"
  },
  {
    "level": "INFO",
    "message": "ndk.dir in local.properties is not set",
    "diagnosticCode": "UNKNOWN"
  },
  {
    "level": "INFO",
    "message": "Not considering ANDROID_NDK_HOME because support was removed after deprecation period.",
    "diagnosticCode": "UNKNOWN"
  },
  {
    "level": "INFO",
    "message": "sdkFolder is /home/konglobemeralt/Android/Sdk",
    "diagnosticCode": "UNKNOWN"
  },
  {
    "level": "INFO",
    "message": "Because no explicit NDK was requested, the default version [21.4.7075529] for this Android Gradle Plugin will be used",
    "diagnosticCode": "UNKNOWN"
  },
  {
    "level": "INFO",
    "message": "Folder /home/konglobemeralt/Android/Sdk/ndk/21.4.7075529 does not exist. Ignoring.",
    "diagnosticCode": "UNKNOWN"
  },
  {
    "level": "INFO",
    "message": "Folder /home/konglobemeralt/Android/Sdk/ndk-bundle does not exist. Ignoring.",
    "diagnosticCode": "UNKNOWN"
  },
  {
    "level": "INFO",
    "message": "No NDK was found. Trying to download it now.",
    "diagnosticCode": "UNKNOWN"
  },
  {
    "level": "INFO",
    "message": "NDK 21.4.7075529 was downloaded to /home/konglobemeralt/Android/Sdk/ndk/21.4.7075529. Using that.",
    "diagnosticCode": "UNKNOWN"
  }
]