The target system is: Android - 21 - aarch64
The host system is: Linux - 5.13.0-39-generic - x86_64
Compiling the C compiler identification source file "CMakeCCompilerId.c" succeeded.
Compiler: /home/konglobemeralt/Android/Sdk/ndk/android-ndk-r21e/toolchains/llvm/prebuilt/linux-x86_64/bin/clang 
Build flags: 
Id flags:  

The output was:
0


Compilation of the C compiler identification source "CMakeCCompilerId.c" produced "a.out"

The C compiler identification is Clang, found in "/home/konglobemeralt/Documents/gitz/util/C/isoObject/build/CMakeFiles/3.16.3/CompilerIdC/a.out"

Compiling the CXX compiler identification source file "CMakeCXXCompilerId.cpp" succeeded.
Compiler: /home/konglobemeralt/Android/Sdk/ndk/android-ndk-r21e/toolchains/llvm/prebuilt/linux-x86_64/bin/clang++ 
Build flags: 
Id flags:  

The output was:
0


Compilation of the CXX compiler identification source "CMakeCXXCompilerId.cpp" produced "a.out"

The CXX compiler identification is Clang, found in "/home/konglobemeralt/Documents/gitz/util/C/isoObject/build/CMakeFiles/3.16.3/CompilerIdCXX/a.out"

Determining if the C compiler works passed with the following output:
Change Dir: /home/konglobemeralt/Documents/gitz/util/C/isoObject/build/CMakeFiles/CMakeTmp

Run Build Command(s):/usr/bin/make cmTC_78b2e/fast && /usr/bin/make -f CMakeFiles/cmTC_78b2e.dir/build.make CMakeFiles/cmTC_78b2e.dir/build
make[1]: Entering directory '/home/konglobemeralt/Documents/gitz/util/C/isoObject/build/CMakeFiles/CMakeTmp'
Building C object CMakeFiles/cmTC_78b2e.dir/testCCompiler.c.o
/home/konglobemeralt/Android/Sdk/ndk/android-ndk-r21e/toolchains/llvm/prebuilt/linux-x86_64/bin/clang --target=aarch64-none-linux-android21   -funwind-tables -no-canonical-prefixes -fexceptions  -g -fPIE   -o CMakeFiles/cmTC_78b2e.dir/testCCompiler.c.o   -c /home/konglobemeralt/Documents/gitz/util/C/isoObject/build/CMakeFiles/CMakeTmp/testCCompiler.c
Linking C executable cmTC_78b2e
/usr/bin/cmake -E cmake_link_script CMakeFiles/cmTC_78b2e.dir/link.txt --verbose=1
/home/konglobemeralt/Android/Sdk/ndk/android-ndk-r21e/toolchains/llvm/prebuilt/linux-x86_64/bin/clang --target=aarch64-none-linux-android21 -funwind-tables -no-canonical-prefixes -fexceptions  -g  -Wl,--gc-sections  CMakeFiles/cmTC_78b2e.dir/testCCompiler.c.o  -o cmTC_78b2e   -latomic -lm 
make[1]: Leaving directory '/home/konglobemeralt/Documents/gitz/util/C/isoObject/build/CMakeFiles/CMakeTmp'



Detecting C compiler ABI info compiled with the following output:
Change Dir: /home/konglobemeralt/Documents/gitz/util/C/isoObject/build/CMakeFiles/CMakeTmp

Run Build Command(s):/usr/bin/make cmTC_3021d/fast && /usr/bin/make -f CMakeFiles/cmTC_3021d.dir/build.make CMakeFiles/cmTC_3021d.dir/build
make[1]: Entering directory '/home/konglobemeralt/Documents/gitz/util/C/isoObject/build/CMakeFiles/CMakeTmp'
Building C object CMakeFiles/cmTC_3021d.dir/CMakeCCompilerABI.c.o
/home/konglobemeralt/Android/Sdk/ndk/android-ndk-r21e/toolchains/llvm/prebuilt/linux-x86_64/bin/clang --target=aarch64-none-linux-android21   -funwind-tables -no-canonical-prefixes -fexceptions  -g -fPIE   -v -o CMakeFiles/cmTC_3021d.dir/CMakeCCompilerABI.c.o   -c /usr/share/cmake-3.16/Modules/CMakeCCompilerABI.c
Android (7019983 based on r365631c3) clang version 9.0.9 (https://android.googlesource.com/toolchain/llvm-project a2a1e703c0edb03ba29944e529ccbf457742737b) (based on LLVM 9.0.9svn)
Target: aarch64-none-linux-android21
Thread model: posix
InstalledDir: /home/konglobemeralt/Android/Sdk/ndk/android-ndk-r21e/toolchains/llvm/prebuilt/linux-x86_64/bin
Found candidate GCC installation: /home/konglobemeralt/Android/Sdk/ndk/android-ndk-r21e/toolchains/llvm/prebuilt/linux-x86_64/bin/../lib/gcc/aarch64-linux-android/4.9.x
Selected GCC installation: /home/konglobemeralt/Android/Sdk/ndk/android-ndk-r21e/toolchains/llvm/prebuilt/linux-x86_64/bin/../lib/gcc/aarch64-linux-android/4.9.x
Candidate multilib: .;@m64
Selected multilib: .;@m64
 "/home/konglobemeralt/Android/Sdk/ndk/android-ndk-r21e/toolchains/llvm/prebuilt/linux-x86_64/bin/clang" -cc1 -triple aarch64-none-linux-android21 -emit-obj -mrelax-all -mnoexecstack -disable-free -disable-llvm-verifier -discard-value-names -main-file-name CMakeCCompilerABI.c -mrelocation-model pic -pic-level 2 -pic-is-pie -mthread-model posix -mdisable-fp-elim -masm-verbose -mconstructor-aliases -munwind-tables -fuse-init-array -target-cpu generic -target-feature +neon -target-abi aapcs -mllvm -aarch64-fix-cortex-a53-835769=1 -fallow-half-arguments-and-returns -dwarf-column-info -debug-info-kind=limited -dwarf-version=4 -debugger-tuning=gdb -v -coverage-notes-file /home/konglobemeralt/Documents/gitz/util/C/isoObject/build/CMakeFiles/CMakeTmp/CMakeFiles/cmTC_3021d.dir/CMakeCCompilerABI.c.gcno -resource-dir /home/konglobemeralt/Android/Sdk/ndk/android-ndk-r21e/toolchains/llvm/prebuilt/linux-x86_64/lib64/clang/9.0.9 -internal-isystem /home/konglobemeralt/Android/Sdk/ndk/android-ndk-r21e/toolchains/llvm/prebuilt/linux-x86_64/bin/../sysroot/usr/local/include -internal-isystem /home/konglobemeralt/Android/Sdk/ndk/android-ndk-r21e/toolchains/llvm/prebuilt/linux-x86_64/lib64/clang/9.0.9/include -internal-externc-isystem /home/konglobemeralt/Android/Sdk/ndk/android-ndk-r21e/toolchains/llvm/prebuilt/linux-x86_64/bin/../sysroot/usr/include/aarch64-linux-android -internal-externc-isystem /home/konglobemeralt/Android/Sdk/ndk/android-ndk-r21e/toolchains/llvm/prebuilt/linux-x86_64/bin/../sysroot/include -internal-externc-isystem /home/konglobemeralt/Android/Sdk/ndk/android-ndk-r21e/toolchains/llvm/prebuilt/linux-x86_64/bin/../sysroot/usr/include -fdebug-compilation-dir /home/konglobemeralt/Documents/gitz/util/C/isoObject/build/CMakeFiles/CMakeTmp -ferror-limit 19 -fmessage-length 0 -fno-signed-char -fobjc-runtime=gcc -fexceptions -fdiagnostics-show-option -o CMakeFiles/cmTC_3021d.dir/CMakeCCompilerABI.c.o -x c /usr/share/cmake-3.16/Modules/CMakeCCompilerABI.c
clang -cc1 version 9.0.9 based upon LLVM 9.0.9svn default target x86_64-unknown-linux-gnu
ignoring nonexistent directory "/home/konglobemeralt/Android/Sdk/ndk/android-ndk-r21e/toolchains/llvm/prebuilt/linux-x86_64/bin/../sysroot/include"
#include "..." search starts here:
#include <...> search starts here:
 /home/konglobemeralt/Android/Sdk/ndk/android-ndk-r21e/toolchains/llvm/prebuilt/linux-x86_64/bin/../sysroot/usr/local/include
 /home/konglobemeralt/Android/Sdk/ndk/android-ndk-r21e/toolchains/llvm/prebuilt/linux-x86_64/lib64/clang/9.0.9/include
 /home/konglobemeralt/Android/Sdk/ndk/android-ndk-r21e/toolchains/llvm/prebuilt/linux-x86_64/bin/../sysroot/usr/include/aarch64-linux-android
 /home/konglobemeralt/Android/Sdk/ndk/android-ndk-r21e/toolchains/llvm/prebuilt/linux-x86_64/bin/../sysroot/usr/include
End of search list.
Linking C executable cmTC_3021d
/usr/bin/cmake -E cmake_link_script CMakeFiles/cmTC_3021d.dir/link.txt --verbose=1
/home/konglobemeralt/Android/Sdk/ndk/android-ndk-r21e/toolchains/llvm/prebuilt/linux-x86_64/bin/clang --target=aarch64-none-linux-android21 -funwind-tables -no-canonical-prefixes -fexceptions  -g  -Wl,--gc-sections -v CMakeFiles/cmTC_3021d.dir/CMakeCCompilerABI.c.o  -o cmTC_3021d   -latomic -lm 
Android (7019983 based on r365631c3) clang version 9.0.9 (https://android.googlesource.com/toolchain/llvm-project a2a1e703c0edb03ba29944e529ccbf457742737b) (based on LLVM 9.0.9svn)
Target: aarch64-none-linux-android21
Thread model: posix
InstalledDir: /home/konglobemeralt/Android/Sdk/ndk/android-ndk-r21e/toolchains/llvm/prebuilt/linux-x86_64/bin
Found candidate GCC installation: /home/konglobemeralt/Android/Sdk/ndk/android-ndk-r21e/toolchains/llvm/prebuilt/linux-x86_64/bin/../lib/gcc/aarch64-linux-android/4.9.x
Selected GCC installation: /home/konglobemeralt/Android/Sdk/ndk/android-ndk-r21e/toolchains/llvm/prebuilt/linux-x86_64/bin/../lib/gcc/aarch64-linux-android/4.9.x
Candidate multilib: .;@m64
Selected multilib: .;@m64
 "/home/konglobemeralt/Android/Sdk/ndk/android-ndk-r21e/toolchains/llvm/prebuilt/linux-x86_64/bin/../lib/gcc/aarch64-linux-android/4.9.x/../../../../aarch64-linux-android/bin/ld" -pie -z noexecstack -EL --fix-cortex-a53-843419 --warn-shared-textrel -z now -z relro -z max-page-size=4096 --hash-style=both --enable-new-dtags --eh-frame-hdr -m aarch64linux -dynamic-linker /system/bin/linker64 -o cmTC_3021d /home/konglobemeralt/Android/Sdk/ndk/android-ndk-r21e/toolchains/llvm/prebuilt/linux-x86_64/bin/../sysroot/usr/lib/aarch64-linux-android/21/crtbegin_dynamic.o -L/home/konglobemeralt/Android/Sdk/ndk/android-ndk-r21e/toolchains/llvm/prebuilt/linux-x86_64/lib64/clang/9.0.9/lib/linux/aarch64 -L/home/konglobemeralt/Android/Sdk/ndk/android-ndk-r21e/toolchains/llvm/prebuilt/linux-x86_64/bin/../lib/gcc/aarch64-linux-android/4.9.x -L/home/konglobemeralt/Android/Sdk/ndk/android-ndk-r21e/toolchains/llvm/prebuilt/linux-x86_64/bin/../lib/gcc/aarch64-linux-android/4.9.x/../../../../aarch64-linux-android/lib/../lib64 -L/home/konglobemeralt/Android/Sdk/ndk/android-ndk-r21e/toolchains/llvm/prebuilt/linux-x86_64/bin/../sysroot/usr/lib/aarch64-linux-android/21 -L/home/konglobemeralt/Android/Sdk/ndk/android-ndk-r21e/toolchains/llvm/prebuilt/linux-x86_64/bin/../sysroot/usr/lib/aarch64-linux-android -L/home/konglobemeralt/Android/Sdk/ndk/android-ndk-r21e/toolchains/llvm/prebuilt/linux-x86_64/bin/../lib/gcc/aarch64-linux-android/4.9.x/../../../../aarch64-linux-android/lib -L/home/konglobemeralt/Android/Sdk/ndk/android-ndk-r21e/toolchains/llvm/prebuilt/linux-x86_64/bin/../sysroot/usr/lib --gc-sections CMakeFiles/cmTC_3021d.dir/CMakeCCompilerABI.c.o -latomic -lm -lgcc -ldl -lc -lgcc -ldl /home/konglobemeralt/Android/Sdk/ndk/android-ndk-r21e/toolchains/llvm/prebuilt/linux-x86_64/bin/../sysroot/usr/lib/aarch64-linux-android/21/crtend_android.o
make[1]: Leaving directory '/home/konglobemeralt/Documents/gitz/util/C/isoObject/build/CMakeFiles/CMakeTmp'



Parsed C implicit include dir info from above output: rv=done
  found start of include info
  found start of implicit include info
    add: [/home/konglobemeralt/Android/Sdk/ndk/android-ndk-r21e/toolchains/llvm/prebuilt/linux-x86_64/bin/../sysroot/usr/local/include]
    add: [/home/konglobemeralt/Android/Sdk/ndk/android-ndk-r21e/toolchains/llvm/prebuilt/linux-x86_64/lib64/clang/9.0.9/include]
    add: [/home/konglobemeralt/Android/Sdk/ndk/android-ndk-r21e/toolchains/llvm/prebuilt/linux-x86_64/bin/../sysroot/usr/include/aarch64-linux-android]
    add: [/home/konglobemeralt/Android/Sdk/ndk/android-ndk-r21e/toolchains/llvm/prebuilt/linux-x86_64/bin/../sysroot/usr/include]
  end of search list found
  collapse include dir [/home/konglobemeralt/Android/Sdk/ndk/android-ndk-r21e/toolchains/llvm/prebuilt/linux-x86_64/bin/../sysroot/usr/local/include] ==> [/home/konglobemeralt/Android/Sdk/ndk/android-ndk-r21e/toolchains/llvm/prebuilt/linux-x86_64/sysroot/usr/local/include]
  collapse include dir [/home/konglobemeralt/Android/Sdk/ndk/android-ndk-r21e/toolchains/llvm/prebuilt/linux-x86_64/lib64/clang/9.0.9/include] ==> [/home/konglobemeralt/Android/Sdk/ndk/android-ndk-r21e/toolchains/llvm/prebuilt/linux-x86_64/lib64/clang/9.0.9/include]
  collapse include dir [/home/konglobemeralt/Android/Sdk/ndk/android-ndk-r21e/toolchains/llvm/prebuilt/linux-x86_64/bin/../sysroot/usr/include/aarch64-linux-android] ==> [/home/konglobemeralt/Android/Sdk/ndk/android-ndk-r21e/toolchains/llvm/prebuilt/linux-x86_64/sysroot/usr/include/aarch64-linux-android]
  collapse include dir [/home/konglobemeralt/Android/Sdk/ndk/android-ndk-r21e/toolchains/llvm/prebuilt/linux-x86_64/bin/../sysroot/usr/include] ==> [/home/konglobemeralt/Android/Sdk/ndk/android-ndk-r21e/toolchains/llvm/prebuilt/linux-x86_64/sysroot/usr/include]
  implicit include dirs: [/home/konglobemeralt/Android/Sdk/ndk/android-ndk-r21e/toolchains/llvm/prebuilt/linux-x86_64/sysroot/usr/local/include;/home/konglobemeralt/Android/Sdk/ndk/android-ndk-r21e/toolchains/llvm/prebuilt/linux-x86_64/lib64/clang/9.0.9/include;/home/konglobemeralt/Android/Sdk/ndk/android-ndk-r21e/toolchains/llvm/prebuilt/linux-x86_64/sysroot/usr/include/aarch64-linux-android;/home/konglobemeralt/Android/Sdk/ndk/android-ndk-r21e/toolchains/llvm/prebuilt/linux-x86_64/sysroot/usr/include]


Parsed C implicit link information from above output:
  link line regex: [^( *|.*[/\])(ld|CMAKE_LINK_STARTFILE-NOTFOUND|([^/\]+-)?ld|collect2)[^/\]*( |$)]
  ignore line: [Change Dir: /home/konglobemeralt/Documents/gitz/util/C/isoObject/build/CMakeFiles/CMakeTmp]
  ignore line: []
  ignore line: [Run Build Command(s):/usr/bin/make cmTC_3021d/fast && /usr/bin/make -f CMakeFiles/cmTC_3021d.dir/build.make CMakeFiles/cmTC_3021d.dir/build]
  ignore line: [make[1]: Entering directory '/home/konglobemeralt/Documents/gitz/util/C/isoObject/build/CMakeFiles/CMakeTmp']
  ignore line: [Building C object CMakeFiles/cmTC_3021d.dir/CMakeCCompilerABI.c.o]
  ignore line: [/home/konglobemeralt/Android/Sdk/ndk/android-ndk-r21e/toolchains/llvm/prebuilt/linux-x86_64/bin/clang --target=aarch64-none-linux-android21   -funwind-tables -no-canonical-prefixes -fexceptions  -g -fPIE   -v -o CMakeFiles/cmTC_3021d.dir/CMakeCCompilerABI.c.o   -c /usr/share/cmake-3.16/Modules/CMakeCCompilerABI.c]
  ignore line: [Android (7019983 based on r365631c3) clang version 9.0.9 (https://android.googlesource.com/toolchain/llvm-project a2a1e703c0edb03ba29944e529ccbf457742737b) (based on LLVM 9.0.9svn)]
  ignore line: [Target: aarch64-none-linux-android21]
  ignore line: [Thread model: posix]
  ignore line: [InstalledDir: /home/konglobemeralt/Android/Sdk/ndk/android-ndk-r21e/toolchains/llvm/prebuilt/linux-x86_64/bin]
  ignore line: [Found candidate GCC installation: /home/konglobemeralt/Android/Sdk/ndk/android-ndk-r21e/toolchains/llvm/prebuilt/linux-x86_64/bin/../lib/gcc/aarch64-linux-android/4.9.x]
  ignore line: [Selected GCC installation: /home/konglobemeralt/Android/Sdk/ndk/android-ndk-r21e/toolchains/llvm/prebuilt/linux-x86_64/bin/../lib/gcc/aarch64-linux-android/4.9.x]
  ignore line: [Candidate multilib: .]
  ignore line: [@m64]
  ignore line: [Selected multilib: .]
  ignore line: [@m64]
  ignore line: [ "/home/konglobemeralt/Android/Sdk/ndk/android-ndk-r21e/toolchains/llvm/prebuilt/linux-x86_64/bin/clang" -cc1 -triple aarch64-none-linux-android21 -emit-obj -mrelax-all -mnoexecstack -disable-free -disable-llvm-verifier -discard-value-names -main-file-name CMakeCCompilerABI.c -mrelocation-model pic -pic-level 2 -pic-is-pie -mthread-model posix -mdisable-fp-elim -masm-verbose -mconstructor-aliases -munwind-tables -fuse-init-array -target-cpu generic -target-feature +neon -target-abi aapcs -mllvm -aarch64-fix-cortex-a53-835769=1 -fallow-half-arguments-and-returns -dwarf-column-info -debug-info-kind=limited -dwarf-version=4 -debugger-tuning=gdb -v -coverage-notes-file /home/konglobemeralt/Documents/gitz/util/C/isoObject/build/CMakeFiles/CMakeTmp/CMakeFiles/cmTC_3021d.dir/CMakeCCompilerABI.c.gcno -resource-dir /home/konglobemeralt/Android/Sdk/ndk/android-ndk-r21e/toolchains/llvm/prebuilt/linux-x86_64/lib64/clang/9.0.9 -internal-isystem /home/konglobemeralt/Android/Sdk/ndk/android-ndk-r21e/toolchains/llvm/prebuilt/linux-x86_64/bin/../sysroot/usr/local/include -internal-isystem /home/konglobemeralt/Android/Sdk/ndk/android-ndk-r21e/toolchains/llvm/prebuilt/linux-x86_64/lib64/clang/9.0.9/include -internal-externc-isystem /home/konglobemeralt/Android/Sdk/ndk/android-ndk-r21e/toolchains/llvm/prebuilt/linux-x86_64/bin/../sysroot/usr/include/aarch64-linux-android -internal-externc-isystem /home/konglobemeralt/Android/Sdk/ndk/android-ndk-r21e/toolchains/llvm/prebuilt/linux-x86_64/bin/../sysroot/include -internal-externc-isystem /home/konglobemeralt/Android/Sdk/ndk/android-ndk-r21e/toolchains/llvm/prebuilt/linux-x86_64/bin/../sysroot/usr/include -fdebug-compilation-dir /home/konglobemeralt/Documents/gitz/util/C/isoObject/build/CMakeFiles/CMakeTmp -ferror-limit 19 -fmessage-length 0 -fno-signed-char -fobjc-runtime=gcc -fexceptions -fdiagnostics-show-option -o CMakeFiles/cmTC_3021d.dir/CMakeCCompilerABI.c.o -x c /usr/share/cmake-3.16/Modules/CMakeCCompilerABI.c]
  ignore line: [clang -cc1 version 9.0.9 based upon LLVM 9.0.9svn default target x86_64-unknown-linux-gnu]
  ignore line: [ignoring nonexistent directory "/home/konglobemeralt/Android/Sdk/ndk/android-ndk-r21e/toolchains/llvm/prebuilt/linux-x86_64/bin/../sysroot/include"]
  ignore line: [#include "..." search starts here:]
  ignore line: [#include <...> search starts here:]
  ignore line: [ /home/konglobemeralt/Android/Sdk/ndk/android-ndk-r21e/toolchains/llvm/prebuilt/linux-x86_64/bin/../sysroot/usr/local/include]
  ignore line: [ /home/konglobemeralt/Android/Sdk/ndk/android-ndk-r21e/toolchains/llvm/prebuilt/linux-x86_64/lib64/clang/9.0.9/include]
  ignore line: [ /home/konglobemeralt/Android/Sdk/ndk/android-ndk-r21e/toolchains/llvm/prebuilt/linux-x86_64/bin/../sysroot/usr/include/aarch64-linux-android]
  ignore line: [ /home/konglobemeralt/Android/Sdk/ndk/android-ndk-r21e/toolchains/llvm/prebuilt/linux-x86_64/bin/../sysroot/usr/include]
  ignore line: [End of search list.]
  ignore line: [Linking C executable cmTC_3021d]
  ignore line: [/usr/bin/cmake -E cmake_link_script CMakeFiles/cmTC_3021d.dir/link.txt --verbose=1]
  ignore line: [/home/konglobemeralt/Android/Sdk/ndk/android-ndk-r21e/toolchains/llvm/prebuilt/linux-x86_64/bin/clang --target=aarch64-none-linux-android21 -funwind-tables -no-canonical-prefixes -fexceptions  -g  -Wl --gc-sections -v CMakeFiles/cmTC_3021d.dir/CMakeCCompilerABI.c.o  -o cmTC_3021d   -latomic -lm ]
  ignore line: [Android (7019983 based on r365631c3) clang version 9.0.9 (https://android.googlesource.com/toolchain/llvm-project a2a1e703c0edb03ba29944e529ccbf457742737b) (based on LLVM 9.0.9svn)]
  ignore line: [Target: aarch64-none-linux-android21]
  ignore line: [Thread model: posix]
  ignore line: [InstalledDir: /home/konglobemeralt/Android/Sdk/ndk/android-ndk-r21e/toolchains/llvm/prebuilt/linux-x86_64/bin]
  ignore line: [Found candidate GCC installation: /home/konglobemeralt/Android/Sdk/ndk/android-ndk-r21e/toolchains/llvm/prebuilt/linux-x86_64/bin/../lib/gcc/aarch64-linux-android/4.9.x]
  ignore line: [Selected GCC installation: /home/konglobemeralt/Android/Sdk/ndk/android-ndk-r21e/toolchains/llvm/prebuilt/linux-x86_64/bin/../lib/gcc/aarch64-linux-android/4.9.x]
  ignore line: [Candidate multilib: .]
  ignore line: [@m64]
  ignore line: [Selected multilib: .]
  ignore line: [@m64]
  link line: [ "/home/konglobemeralt/Android/Sdk/ndk/android-ndk-r21e/toolchains/llvm/prebuilt/linux-x86_64/bin/../lib/gcc/aarch64-linux-android/4.9.x/../../../../aarch64-linux-android/bin/ld" -pie -z noexecstack -EL --fix-cortex-a53-843419 --warn-shared-textrel -z now -z relro -z max-page-size=4096 --hash-style=both --enable-new-dtags --eh-frame-hdr -m aarch64linux -dynamic-linker /system/bin/linker64 -o cmTC_3021d /home/konglobemeralt/Android/Sdk/ndk/android-ndk-r21e/toolchains/llvm/prebuilt/linux-x86_64/bin/../sysroot/usr/lib/aarch64-linux-android/21/crtbegin_dynamic.o -L/home/konglobemeralt/Android/Sdk/ndk/android-ndk-r21e/toolchains/llvm/prebuilt/linux-x86_64/lib64/clang/9.0.9/lib/linux/aarch64 -L/home/konglobemeralt/Android/Sdk/ndk/android-ndk-r21e/toolchains/llvm/prebuilt/linux-x86_64/bin/../lib/gcc/aarch64-linux-android/4.9.x -L/home/konglobemeralt/Android/Sdk/ndk/android-ndk-r21e/toolchains/llvm/prebuilt/linux-x86_64/bin/../lib/gcc/aarch64-linux-android/4.9.x/../../../../aarch64-linux-android/lib/../lib64 -L/home/konglobemeralt/Android/Sdk/ndk/android-ndk-r21e/toolchains/llvm/prebuilt/linux-x86_64/bin/../sysroot/usr/lib/aarch64-linux-android/21 -L/home/konglobemeralt/Android/Sdk/ndk/android-ndk-r21e/toolchains/llvm/prebuilt/linux-x86_64/bin/../sysroot/usr/lib/aarch64-linux-android -L/home/konglobemeralt/Android/Sdk/ndk/android-ndk-r21e/toolchains/llvm/prebuilt/linux-x86_64/bin/../lib/gcc/aarch64-linux-android/4.9.x/../../../../aarch64-linux-android/lib -L/home/konglobemeralt/Android/Sdk/ndk/android-ndk-r21e/toolchains/llvm/prebuilt/linux-x86_64/bin/../sysroot/usr/lib --gc-sections CMakeFiles/cmTC_3021d.dir/CMakeCCompilerABI.c.o -latomic -lm -lgcc -ldl -lc -lgcc -ldl /home/konglobemeralt/Android/Sdk/ndk/android-ndk-r21e/toolchains/llvm/prebuilt/linux-x86_64/bin/../sysroot/usr/lib/aarch64-linux-android/21/crtend_android.o]
    arg [/home/konglobemeralt/Android/Sdk/ndk/android-ndk-r21e/toolchains/llvm/prebuilt/linux-x86_64/bin/../lib/gcc/aarch64-linux-android/4.9.x/../../../../aarch64-linux-android/bin/ld] ==> ignore
    arg [-pie] ==> ignore
    arg [-znoexecstack] ==> ignore
    arg [-EL] ==> ignore
    arg [--fix-cortex-a53-843419] ==> ignore
    arg [--warn-shared-textrel] ==> ignore
    arg [-znow] ==> ignore
    arg [-zrelro] ==> ignore
    arg [-zmax-page-size=4096] ==> ignore
    arg [--hash-style=both] ==> ignore
    arg [--enable-new-dtags] ==> ignore
    arg [--eh-frame-hdr] ==> ignore
    arg [-m] ==> ignore
    arg [aarch64linux] ==> ignore
    arg [-dynamic-linker] ==> ignore
    arg [/system/bin/linker64] ==> ignore
    arg [-o] ==> ignore
    arg [cmTC_3021d] ==> ignore
    arg [/home/konglobemeralt/Android/Sdk/ndk/android-ndk-r21e/toolchains/llvm/prebuilt/linux-x86_64/bin/../sysroot/usr/lib/aarch64-linux-android/21/crtbegin_dynamic.o] ==> ignore
    arg [-L/home/konglobemeralt/Android/Sdk/ndk/android-ndk-r21e/toolchains/llvm/prebuilt/linux-x86_64/lib64/clang/9.0.9/lib/linux/aarch64] ==> dir [/home/konglobemeralt/Android/Sdk/ndk/android-ndk-r21e/toolchains/llvm/prebuilt/linux-x86_64/lib64/clang/9.0.9/lib/linux/aarch64]
    arg [-L/home/konglobemeralt/Android/Sdk/ndk/android-ndk-r21e/toolchains/llvm/prebuilt/linux-x86_64/bin/../lib/gcc/aarch64-linux-android/4.9.x] ==> dir [/home/konglobemeralt/Android/Sdk/ndk/android-ndk-r21e/toolchains/llvm/prebuilt/linux-x86_64/bin/../lib/gcc/aarch64-linux-android/4.9.x]
    arg [-L/home/konglobemeralt/Android/Sdk/ndk/android-ndk-r21e/toolchains/llvm/prebuilt/linux-x86_64/bin/../lib/gcc/aarch64-linux-android/4.9.x/../../../../aarch64-linux-android/lib/../lib64] ==> dir [/home/konglobemeralt/Android/Sdk/ndk/android-ndk-r21e/toolchains/llvm/prebuilt/linux-x86_64/bin/../lib/gcc/aarch64-linux-android/4.9.x/../../../../aarch64-linux-android/lib/../lib64]
    arg [-L/home/konglobemeralt/Android/Sdk/ndk/android-ndk-r21e/toolchains/llvm/prebuilt/linux-x86_64/bin/../sysroot/usr/lib/aarch64-linux-android/21] ==> dir [/home/konglobemeralt/Android/Sdk/ndk/android-ndk-r21e/toolchains/llvm/prebuilt/linux-x86_64/bin/../sysroot/usr/lib/aarch64-linux-android/21]
    arg [-L/home/konglobemeralt/Android/Sdk/ndk/android-ndk-r21e/toolchains/llvm/prebuilt/linux-x86_64/bin/../sysroot/usr/lib/aarch64-linux-android] ==> dir [/home/konglobemeralt/Android/Sdk/ndk/android-ndk-r21e/toolchains/llvm/prebuilt/linux-x86_64/bin/../sysroot/usr/lib/aarch64-linux-android]
    arg [-L/home/konglobemeralt/Android/Sdk/ndk/android-ndk-r21e/toolchains/llvm/prebuilt/linux-x86_64/bin/../lib/gcc/aarch64-linux-android/4.9.x/../../../../aarch64-linux-android/lib] ==> dir [/home/konglobemeralt/Android/Sdk/ndk/android-ndk-r21e/toolchains/llvm/prebuilt/linux-x86_64/bin/../lib/gcc/aarch64-linux-android/4.9.x/../../../../aarch64-linux-android/lib]
    arg [-L/home/konglobemeralt/Android/Sdk/ndk/android-ndk-r21e/toolchains/llvm/prebuilt/linux-x86_64/bin/../sysroot/usr/lib] ==> dir [/home/konglobemeralt/Android/Sdk/ndk/android-ndk-r21e/toolchains/llvm/prebuilt/linux-x86_64/bin/../sysroot/usr/lib]
    arg [--gc-sections] ==> ignore
    arg [CMakeFiles/cmTC_3021d.dir/CMakeCCompilerABI.c.o] ==> ignore
    arg [-latomic] ==> lib [atomic]
    arg [-lm] ==> lib [m]
    arg [-lgcc] ==> lib [gcc]
    arg [-ldl] ==> lib [dl]
    arg [-lc] ==> lib [c]
    arg [-lgcc] ==> lib [gcc]
    arg [-ldl] ==> lib [dl]
    arg [/home/konglobemeralt/Android/Sdk/ndk/android-ndk-r21e/toolchains/llvm/prebuilt/linux-x86_64/bin/../sysroot/usr/lib/aarch64-linux-android/21/crtend_android.o] ==> ignore
  collapse library dir [/home/konglobemeralt/Android/Sdk/ndk/android-ndk-r21e/toolchains/llvm/prebuilt/linux-x86_64/lib64/clang/9.0.9/lib/linux/aarch64] ==> [/home/konglobemeralt/Android/Sdk/ndk/android-ndk-r21e/toolchains/llvm/prebuilt/linux-x86_64/lib64/clang/9.0.9/lib/linux/aarch64]
  collapse library dir [/home/konglobemeralt/Android/Sdk/ndk/android-ndk-r21e/toolchains/llvm/prebuilt/linux-x86_64/bin/../lib/gcc/aarch64-linux-android/4.9.x] ==> [/home/konglobemeralt/Android/Sdk/ndk/android-ndk-r21e/toolchains/llvm/prebuilt/linux-x86_64/lib/gcc/aarch64-linux-android/4.9.x]
  collapse library dir [/home/konglobemeralt/Android/Sdk/ndk/android-ndk-r21e/toolchains/llvm/prebuilt/linux-x86_64/bin/../lib/gcc/aarch64-linux-android/4.9.x/../../../../aarch64-linux-android/lib/../lib64] ==> [/home/konglobemeralt/Android/Sdk/ndk/android-ndk-r21e/toolchains/llvm/prebuilt/linux-x86_64/aarch64-linux-android/lib64]
  collapse library dir [/home/konglobemeralt/Android/Sdk/ndk/android-ndk-r21e/toolchains/llvm/prebuilt/linux-x86_64/bin/../sysroot/usr/lib/aarch64-linux-android/21] ==> [/home/konglobemeralt/Android/Sdk/ndk/android-ndk-r21e/toolchains/llvm/prebuilt/linux-x86_64/sysroot/usr/lib/aarch64-linux-android/21]
  collapse library dir [/home/konglobemeralt/Android/Sdk/ndk/android-ndk-r21e/toolchains/llvm/prebuilt/linux-x86_64/bin/../sysroot/usr/lib/aarch64-linux-android] ==> [/home/konglobemeralt/Android/Sdk/ndk/android-ndk-r21e/toolchains/llvm/prebuilt/linux-x86_64/sysroot/usr/lib/aarch64-linux-android]
  collapse library dir [/home/konglobemeralt/Android/Sdk/ndk/android-ndk-r21e/toolchains/llvm/prebuilt/linux-x86_64/bin/../lib/gcc/aarch64-linux-android/4.9.x/../../../../aarch64-linux-android/lib] ==> [/home/konglobemeralt/Android/Sdk/ndk/android-ndk-r21e/toolchains/llvm/prebuilt/linux-x86_64/aarch64-linux-android/lib]
  collapse library dir [/home/konglobemeralt/Android/Sdk/ndk/android-ndk-r21e/toolchains/llvm/prebuilt/linux-x86_64/bin/../sysroot/usr/lib] ==> [/home/konglobemeralt/Android/Sdk/ndk/android-ndk-r21e/toolchains/llvm/prebuilt/linux-x86_64/sysroot/usr/lib]
  implicit libs: [atomic;m;gcc;dl;c;gcc;dl]
  implicit dirs: [/home/konglobemeralt/Android/Sdk/ndk/android-ndk-r21e/toolchains/llvm/prebuilt/linux-x86_64/lib64/clang/9.0.9/lib/linux/aarch64;/home/konglobemeralt/Android/Sdk/ndk/android-ndk-r21e/toolchains/llvm/prebuilt/linux-x86_64/lib/gcc/aarch64-linux-android/4.9.x;/home/konglobemeralt/Android/Sdk/ndk/android-ndk-r21e/toolchains/llvm/prebuilt/linux-x86_64/aarch64-linux-android/lib64;/home/konglobemeralt/Android/Sdk/ndk/android-ndk-r21e/toolchains/llvm/prebuilt/linux-x86_64/sysroot/usr/lib/aarch64-linux-android/21;/home/konglobemeralt/Android/Sdk/ndk/android-ndk-r21e/toolchains/llvm/prebuilt/linux-x86_64/sysroot/usr/lib/aarch64-linux-android;/home/konglobemeralt/Android/Sdk/ndk/android-ndk-r21e/toolchains/llvm/prebuilt/linux-x86_64/aarch64-linux-android/lib;/home/konglobemeralt/Android/Sdk/ndk/android-ndk-r21e/toolchains/llvm/prebuilt/linux-x86_64/sysroot/usr/lib]
  implicit fwks: []


Determining if the CXX compiler works passed with the following output:
Change Dir: /home/konglobemeralt/Documents/gitz/util/C/isoObject/build/CMakeFiles/CMakeTmp

Run Build Command(s):/usr/bin/make cmTC_e0c62/fast && /usr/bin/make -f CMakeFiles/cmTC_e0c62.dir/build.make CMakeFiles/cmTC_e0c62.dir/build
make[1]: Entering directory '/home/konglobemeralt/Documents/gitz/util/C/isoObject/build/CMakeFiles/CMakeTmp'
Building CXX object CMakeFiles/cmTC_e0c62.dir/testCXXCompiler.cxx.o
/home/konglobemeralt/Android/Sdk/ndk/android-ndk-r21e/toolchains/llvm/prebuilt/linux-x86_64/bin/clang++ --target=aarch64-none-linux-android21    -funwind-tables -no-canonical-prefixes -fexceptions -frtti -stdlib=libc++  -g -fPIE   -o CMakeFiles/cmTC_e0c62.dir/testCXXCompiler.cxx.o -c /home/konglobemeralt/Documents/gitz/util/C/isoObject/build/CMakeFiles/CMakeTmp/testCXXCompiler.cxx
Linking CXX executable cmTC_e0c62
/usr/bin/cmake -E cmake_link_script CMakeFiles/cmTC_e0c62.dir/link.txt --verbose=1
/home/konglobemeralt/Android/Sdk/ndk/android-ndk-r21e/toolchains/llvm/prebuilt/linux-x86_64/bin/clang++ --target=aarch64-none-linux-android21  -funwind-tables -no-canonical-prefixes -fexceptions -frtti -stdlib=libc++  -g  -Wl,--gc-sections  CMakeFiles/cmTC_e0c62.dir/testCXXCompiler.cxx.o  -o cmTC_e0c62   -static-libstdc++ -latomic -lm 
make[1]: Leaving directory '/home/konglobemeralt/Documents/gitz/util/C/isoObject/build/CMakeFiles/CMakeTmp'



Detecting CXX compiler ABI info compiled with the following output:
Change Dir: /home/konglobemeralt/Documents/gitz/util/C/isoObject/build/CMakeFiles/CMakeTmp

Run Build Command(s):/usr/bin/make cmTC_1837f/fast && /usr/bin/make -f CMakeFiles/cmTC_1837f.dir/build.make CMakeFiles/cmTC_1837f.dir/build
make[1]: Entering directory '/home/konglobemeralt/Documents/gitz/util/C/isoObject/build/CMakeFiles/CMakeTmp'
Building CXX object CMakeFiles/cmTC_1837f.dir/CMakeCXXCompilerABI.cpp.o
/home/konglobemeralt/Android/Sdk/ndk/android-ndk-r21e/toolchains/llvm/prebuilt/linux-x86_64/bin/clang++ --target=aarch64-none-linux-android21    -funwind-tables -no-canonical-prefixes -fexceptions -frtti -stdlib=libc++  -g -fPIE   -v -o CMakeFiles/cmTC_1837f.dir/CMakeCXXCompilerABI.cpp.o -c /usr/share/cmake-3.16/Modules/CMakeCXXCompilerABI.cpp
Android (7019983 based on r365631c3) clang version 9.0.9 (https://android.googlesource.com/toolchain/llvm-project a2a1e703c0edb03ba29944e529ccbf457742737b) (based on LLVM 9.0.9svn)
Target: aarch64-none-linux-android21
Thread model: posix
InstalledDir: /home/konglobemeralt/Android/Sdk/ndk/android-ndk-r21e/toolchains/llvm/prebuilt/linux-x86_64/bin
Found candidate GCC installation: /home/konglobemeralt/Android/Sdk/ndk/android-ndk-r21e/toolchains/llvm/prebuilt/linux-x86_64/bin/../lib/gcc/aarch64-linux-android/4.9.x
Selected GCC installation: /home/konglobemeralt/Android/Sdk/ndk/android-ndk-r21e/toolchains/llvm/prebuilt/linux-x86_64/bin/../lib/gcc/aarch64-linux-android/4.9.x
Candidate multilib: .;@m64
Selected multilib: .;@m64
 "/home/konglobemeralt/Android/Sdk/ndk/android-ndk-r21e/toolchains/llvm/prebuilt/linux-x86_64/bin/clang++" -cc1 -triple aarch64-none-linux-android21 -emit-obj -mrelax-all -mnoexecstack -disable-free -disable-llvm-verifier -discard-value-names -main-file-name CMakeCXXCompilerABI.cpp -mrelocation-model pic -pic-level 2 -pic-is-pie -mthread-model posix -mdisable-fp-elim -masm-verbose -mconstructor-aliases -munwind-tables -fuse-init-array -target-cpu generic -target-feature +neon -target-abi aapcs -mllvm -aarch64-fix-cortex-a53-835769=1 -fallow-half-arguments-and-returns -dwarf-column-info -debug-info-kind=limited -dwarf-version=4 -debugger-tuning=gdb -v -coverage-notes-file /home/konglobemeralt/Documents/gitz/util/C/isoObject/build/CMakeFiles/CMakeTmp/CMakeFiles/cmTC_1837f.dir/CMakeCXXCompilerABI.cpp.gcno -resource-dir /home/konglobemeralt/Android/Sdk/ndk/android-ndk-r21e/toolchains/llvm/prebuilt/linux-x86_64/lib64/clang/9.0.9 -internal-isystem /home/konglobemeralt/Android/Sdk/ndk/android-ndk-r21e/toolchains/llvm/prebuilt/linux-x86_64/bin/../sysroot/usr/include/c++/v1 -internal-isystem /home/konglobemeralt/Android/Sdk/ndk/android-ndk-r21e/toolchains/llvm/prebuilt/linux-x86_64/bin/../sysroot/usr/local/include -internal-isystem /home/konglobemeralt/Android/Sdk/ndk/android-ndk-r21e/toolchains/llvm/prebuilt/linux-x86_64/lib64/clang/9.0.9/include -internal-externc-isystem /home/konglobemeralt/Android/Sdk/ndk/android-ndk-r21e/toolchains/llvm/prebuilt/linux-x86_64/bin/../sysroot/usr/include/aarch64-linux-android -internal-externc-isystem /home/konglobemeralt/Android/Sdk/ndk/android-ndk-r21e/toolchains/llvm/prebuilt/linux-x86_64/bin/../sysroot/include -internal-externc-isystem /home/konglobemeralt/Android/Sdk/ndk/android-ndk-r21e/toolchains/llvm/prebuilt/linux-x86_64/bin/../sysroot/usr/include -fdeprecated-macro -fdebug-compilation-dir /home/konglobemeralt/Documents/gitz/util/C/isoObject/build/CMakeFiles/CMakeTmp -ferror-limit 19 -fmessage-length 0 -fno-signed-char -fobjc-runtime=gcc -fcxx-exceptions -fexceptions -fdiagnostics-show-option -o CMakeFiles/cmTC_1837f.dir/CMakeCXXCompilerABI.cpp.o -x c++ /usr/share/cmake-3.16/Modules/CMakeCXXCompilerABI.cpp
clang -cc1 version 9.0.9 based upon LLVM 9.0.9svn default target x86_64-unknown-linux-gnu
ignoring nonexistent directory "/home/konglobemeralt/Android/Sdk/ndk/android-ndk-r21e/toolchains/llvm/prebuilt/linux-x86_64/bin/../sysroot/include"
#include "..." search starts here:
#include <...> search starts here:
 /home/konglobemeralt/Android/Sdk/ndk/android-ndk-r21e/toolchains/llvm/prebuilt/linux-x86_64/bin/../sysroot/usr/include/c++/v1
 /home/konglobemeralt/Android/Sdk/ndk/android-ndk-r21e/toolchains/llvm/prebuilt/linux-x86_64/bin/../sysroot/usr/local/include
 /home/konglobemeralt/Android/Sdk/ndk/android-ndk-r21e/toolchains/llvm/prebuilt/linux-x86_64/lib64/clang/9.0.9/include
 /home/konglobemeralt/Android/Sdk/ndk/android-ndk-r21e/toolchains/llvm/prebuilt/linux-x86_64/bin/../sysroot/usr/include/aarch64-linux-android
 /home/konglobemeralt/Android/Sdk/ndk/android-ndk-r21e/toolchains/llvm/prebuilt/linux-x86_64/bin/../sysroot/usr/include
End of search list.
Linking CXX executable cmTC_1837f
/usr/bin/cmake -E cmake_link_script CMakeFiles/cmTC_1837f.dir/link.txt --verbose=1
/home/konglobemeralt/Android/Sdk/ndk/android-ndk-r21e/toolchains/llvm/prebuilt/linux-x86_64/bin/clang++ --target=aarch64-none-linux-android21  -funwind-tables -no-canonical-prefixes -fexceptions -frtti -stdlib=libc++  -g  -Wl,--gc-sections -v CMakeFiles/cmTC_1837f.dir/CMakeCXXCompilerABI.cpp.o  -o cmTC_1837f   -static-libstdc++ -latomic -lm 
Android (7019983 based on r365631c3) clang version 9.0.9 (https://android.googlesource.com/toolchain/llvm-project a2a1e703c0edb03ba29944e529ccbf457742737b) (based on LLVM 9.0.9svn)
Target: aarch64-none-linux-android21
Thread model: posix
InstalledDir: /home/konglobemeralt/Android/Sdk/ndk/android-ndk-r21e/toolchains/llvm/prebuilt/linux-x86_64/bin
Found candidate GCC installation: /home/konglobemeralt/Android/Sdk/ndk/android-ndk-r21e/toolchains/llvm/prebuilt/linux-x86_64/bin/../lib/gcc/aarch64-linux-android/4.9.x
Selected GCC installation: /home/konglobemeralt/Android/Sdk/ndk/android-ndk-r21e/toolchains/llvm/prebuilt/linux-x86_64/bin/../lib/gcc/aarch64-linux-android/4.9.x
Candidate multilib: .;@m64
Selected multilib: .;@m64
 "/home/konglobemeralt/Android/Sdk/ndk/android-ndk-r21e/toolchains/llvm/prebuilt/linux-x86_64/bin/../lib/gcc/aarch64-linux-android/4.9.x/../../../../aarch64-linux-android/bin/ld" -pie -z noexecstack -EL --fix-cortex-a53-843419 --warn-shared-textrel -z now -z relro -z max-page-size=4096 --hash-style=both --enable-new-dtags --eh-frame-hdr -m aarch64linux -dynamic-linker /system/bin/linker64 -o cmTC_1837f /home/konglobemeralt/Android/Sdk/ndk/android-ndk-r21e/toolchains/llvm/prebuilt/linux-x86_64/bin/../sysroot/usr/lib/aarch64-linux-android/21/crtbegin_dynamic.o -L/home/konglobemeralt/Android/Sdk/ndk/android-ndk-r21e/toolchains/llvm/prebuilt/linux-x86_64/lib64/clang/9.0.9/lib/linux/aarch64 -L/home/konglobemeralt/Android/Sdk/ndk/android-ndk-r21e/toolchains/llvm/prebuilt/linux-x86_64/bin/../lib/gcc/aarch64-linux-android/4.9.x -L/home/konglobemeralt/Android/Sdk/ndk/android-ndk-r21e/toolchains/llvm/prebuilt/linux-x86_64/bin/../lib/gcc/aarch64-linux-android/4.9.x/../../../../aarch64-linux-android/lib/../lib64 -L/home/konglobemeralt/Android/Sdk/ndk/android-ndk-r21e/toolchains/llvm/prebuilt/linux-x86_64/bin/../sysroot/usr/lib/aarch64-linux-android/21 -L/home/konglobemeralt/Android/Sdk/ndk/android-ndk-r21e/toolchains/llvm/prebuilt/linux-x86_64/bin/../sysroot/usr/lib/aarch64-linux-android -L/home/konglobemeralt/Android/Sdk/ndk/android-ndk-r21e/toolchains/llvm/prebuilt/linux-x86_64/bin/../lib/gcc/aarch64-linux-android/4.9.x/../../../../aarch64-linux-android/lib -L/home/konglobemeralt/Android/Sdk/ndk/android-ndk-r21e/toolchains/llvm/prebuilt/linux-x86_64/bin/../sysroot/usr/lib --gc-sections CMakeFiles/cmTC_1837f.dir/CMakeCXXCompilerABI.cpp.o -latomic -lm -Bstatic -lc++ -Bdynamic -lm -lgcc -ldl -lc -lgcc -ldl /home/konglobemeralt/Android/Sdk/ndk/android-ndk-r21e/toolchains/llvm/prebuilt/linux-x86_64/bin/../sysroot/usr/lib/aarch64-linux-android/21/crtend_android.o
make[1]: Leaving directory '/home/konglobemeralt/Documents/gitz/util/C/isoObject/build/CMakeFiles/CMakeTmp'



Parsed CXX implicit include dir info from above output: rv=done
  found start of include info
  found start of implicit include info
    add: [/home/konglobemeralt/Android/Sdk/ndk/android-ndk-r21e/toolchains/llvm/prebuilt/linux-x86_64/bin/../sysroot/usr/include/c++/v1]
    add: [/home/konglobemeralt/Android/Sdk/ndk/android-ndk-r21e/toolchains/llvm/prebuilt/linux-x86_64/bin/../sysroot/usr/local/include]
    add: [/home/konglobemeralt/Android/Sdk/ndk/android-ndk-r21e/toolchains/llvm/prebuilt/linux-x86_64/lib64/clang/9.0.9/include]
    add: [/home/konglobemeralt/Android/Sdk/ndk/android-ndk-r21e/toolchains/llvm/prebuilt/linux-x86_64/bin/../sysroot/usr/include/aarch64-linux-android]
    add: [/home/konglobemeralt/Android/Sdk/ndk/android-ndk-r21e/toolchains/llvm/prebuilt/linux-x86_64/bin/../sysroot/usr/include]
  end of search list found
  collapse include dir [/home/konglobemeralt/Android/Sdk/ndk/android-ndk-r21e/toolchains/llvm/prebuilt/linux-x86_64/bin/../sysroot/usr/include/c++/v1] ==> [/home/konglobemeralt/Android/Sdk/ndk/android-ndk-r21e/toolchains/llvm/prebuilt/linux-x86_64/sysroot/usr/include/c++/v1]
  collapse include dir [/home/konglobemeralt/Android/Sdk/ndk/android-ndk-r21e/toolchains/llvm/prebuilt/linux-x86_64/bin/../sysroot/usr/local/include] ==> [/home/konglobemeralt/Android/Sdk/ndk/android-ndk-r21e/toolchains/llvm/prebuilt/linux-x86_64/sysroot/usr/local/include]
  collapse include dir [/home/konglobemeralt/Android/Sdk/ndk/android-ndk-r21e/toolchains/llvm/prebuilt/linux-x86_64/lib64/clang/9.0.9/include] ==> [/home/konglobemeralt/Android/Sdk/ndk/android-ndk-r21e/toolchains/llvm/prebuilt/linux-x86_64/lib64/clang/9.0.9/include]
  collapse include dir [/home/konglobemeralt/Android/Sdk/ndk/android-ndk-r21e/toolchains/llvm/prebuilt/linux-x86_64/bin/../sysroot/usr/include/aarch64-linux-android] ==> [/home/konglobemeralt/Android/Sdk/ndk/android-ndk-r21e/toolchains/llvm/prebuilt/linux-x86_64/sysroot/usr/include/aarch64-linux-android]
  collapse include dir [/home/konglobemeralt/Android/Sdk/ndk/android-ndk-r21e/toolchains/llvm/prebuilt/linux-x86_64/bin/../sysroot/usr/include] ==> [/home/konglobemeralt/Android/Sdk/ndk/android-ndk-r21e/toolchains/llvm/prebuilt/linux-x86_64/sysroot/usr/include]
  implicit include dirs: [/home/konglobemeralt/Android/Sdk/ndk/android-ndk-r21e/toolchains/llvm/prebuilt/linux-x86_64/sysroot/usr/include/c++/v1;/home/konglobemeralt/Android/Sdk/ndk/android-ndk-r21e/toolchains/llvm/prebuilt/linux-x86_64/sysroot/usr/local/include;/home/konglobemeralt/Android/Sdk/ndk/android-ndk-r21e/toolchains/llvm/prebuilt/linux-x86_64/lib64/clang/9.0.9/include;/home/konglobemeralt/Android/Sdk/ndk/android-ndk-r21e/toolchains/llvm/prebuilt/linux-x86_64/sysroot/usr/include/aarch64-linux-android;/home/konglobemeralt/Android/Sdk/ndk/android-ndk-r21e/toolchains/llvm/prebuilt/linux-x86_64/sysroot/usr/include]


Parsed CXX implicit link information from above output:
  link line regex: [^( *|.*[/\])(ld|CMAKE_LINK_STARTFILE-NOTFOUND|([^/\]+-)?ld|collect2)[^/\]*( |$)]
  ignore line: [Change Dir: /home/konglobemeralt/Documents/gitz/util/C/isoObject/build/CMakeFiles/CMakeTmp]
  ignore line: []
  ignore line: [Run Build Command(s):/usr/bin/make cmTC_1837f/fast && /usr/bin/make -f CMakeFiles/cmTC_1837f.dir/build.make CMakeFiles/cmTC_1837f.dir/build]
  ignore line: [make[1]: Entering directory '/home/konglobemeralt/Documents/gitz/util/C/isoObject/build/CMakeFiles/CMakeTmp']
  ignore line: [Building CXX object CMakeFiles/cmTC_1837f.dir/CMakeCXXCompilerABI.cpp.o]
  ignore line: [/home/konglobemeralt/Android/Sdk/ndk/android-ndk-r21e/toolchains/llvm/prebuilt/linux-x86_64/bin/clang++ --target=aarch64-none-linux-android21    -funwind-tables -no-canonical-prefixes -fexceptions -frtti -stdlib=libc++  -g -fPIE   -v -o CMakeFiles/cmTC_1837f.dir/CMakeCXXCompilerABI.cpp.o -c /usr/share/cmake-3.16/Modules/CMakeCXXCompilerABI.cpp]
  ignore line: [Android (7019983 based on r365631c3) clang version 9.0.9 (https://android.googlesource.com/toolchain/llvm-project a2a1e703c0edb03ba29944e529ccbf457742737b) (based on LLVM 9.0.9svn)]
  ignore line: [Target: aarch64-none-linux-android21]
  ignore line: [Thread model: posix]
  ignore line: [InstalledDir: /home/konglobemeralt/Android/Sdk/ndk/android-ndk-r21e/toolchains/llvm/prebuilt/linux-x86_64/bin]
  ignore line: [Found candidate GCC installation: /home/konglobemeralt/Android/Sdk/ndk/android-ndk-r21e/toolchains/llvm/prebuilt/linux-x86_64/bin/../lib/gcc/aarch64-linux-android/4.9.x]
  ignore line: [Selected GCC installation: /home/konglobemeralt/Android/Sdk/ndk/android-ndk-r21e/toolchains/llvm/prebuilt/linux-x86_64/bin/../lib/gcc/aarch64-linux-android/4.9.x]
  ignore line: [Candidate multilib: .]
  ignore line: [@m64]
  ignore line: [Selected multilib: .]
  ignore line: [@m64]
  ignore line: [ "/home/konglobemeralt/Android/Sdk/ndk/android-ndk-r21e/toolchains/llvm/prebuilt/linux-x86_64/bin/clang++" -cc1 -triple aarch64-none-linux-android21 -emit-obj -mrelax-all -mnoexecstack -disable-free -disable-llvm-verifier -discard-value-names -main-file-name CMakeCXXCompilerABI.cpp -mrelocation-model pic -pic-level 2 -pic-is-pie -mthread-model posix -mdisable-fp-elim -masm-verbose -mconstructor-aliases -munwind-tables -fuse-init-array -target-cpu generic -target-feature +neon -target-abi aapcs -mllvm -aarch64-fix-cortex-a53-835769=1 -fallow-half-arguments-and-returns -dwarf-column-info -debug-info-kind=limited -dwarf-version=4 -debugger-tuning=gdb -v -coverage-notes-file /home/konglobemeralt/Documents/gitz/util/C/isoObject/build/CMakeFiles/CMakeTmp/CMakeFiles/cmTC_1837f.dir/CMakeCXXCompilerABI.cpp.gcno -resource-dir /home/konglobemeralt/Android/Sdk/ndk/android-ndk-r21e/toolchains/llvm/prebuilt/linux-x86_64/lib64/clang/9.0.9 -internal-isystem /home/konglobemeralt/Android/Sdk/ndk/android-ndk-r21e/toolchains/llvm/prebuilt/linux-x86_64/bin/../sysroot/usr/include/c++/v1 -internal-isystem /home/konglobemeralt/Android/Sdk/ndk/android-ndk-r21e/toolchains/llvm/prebuilt/linux-x86_64/bin/../sysroot/usr/local/include -internal-isystem /home/konglobemeralt/Android/Sdk/ndk/android-ndk-r21e/toolchains/llvm/prebuilt/linux-x86_64/lib64/clang/9.0.9/include -internal-externc-isystem /home/konglobemeralt/Android/Sdk/ndk/android-ndk-r21e/toolchains/llvm/prebuilt/linux-x86_64/bin/../sysroot/usr/include/aarch64-linux-android -internal-externc-isystem /home/konglobemeralt/Android/Sdk/ndk/android-ndk-r21e/toolchains/llvm/prebuilt/linux-x86_64/bin/../sysroot/include -internal-externc-isystem /home/konglobemeralt/Android/Sdk/ndk/android-ndk-r21e/toolchains/llvm/prebuilt/linux-x86_64/bin/../sysroot/usr/include -fdeprecated-macro -fdebug-compilation-dir /home/konglobemeralt/Documents/gitz/util/C/isoObject/build/CMakeFiles/CMakeTmp -ferror-limit 19 -fmessage-length 0 -fno-signed-char -fobjc-runtime=gcc -fcxx-exceptions -fexceptions -fdiagnostics-show-option -o CMakeFiles/cmTC_1837f.dir/CMakeCXXCompilerABI.cpp.o -x c++ /usr/share/cmake-3.16/Modules/CMakeCXXCompilerABI.cpp]
  ignore line: [clang -cc1 version 9.0.9 based upon LLVM 9.0.9svn default target x86_64-unknown-linux-gnu]
  ignore line: [ignoring nonexistent directory "/home/konglobemeralt/Android/Sdk/ndk/android-ndk-r21e/toolchains/llvm/prebuilt/linux-x86_64/bin/../sysroot/include"]
  ignore line: [#include "..." search starts here:]
  ignore line: [#include <...> search starts here:]
  ignore line: [ /home/konglobemeralt/Android/Sdk/ndk/android-ndk-r21e/toolchains/llvm/prebuilt/linux-x86_64/bin/../sysroot/usr/include/c++/v1]
  ignore line: [ /home/konglobemeralt/Android/Sdk/ndk/android-ndk-r21e/toolchains/llvm/prebuilt/linux-x86_64/bin/../sysroot/usr/local/include]
  ignore line: [ /home/konglobemeralt/Android/Sdk/ndk/android-ndk-r21e/toolchains/llvm/prebuilt/linux-x86_64/lib64/clang/9.0.9/include]
  ignore line: [ /home/konglobemeralt/Android/Sdk/ndk/android-ndk-r21e/toolchains/llvm/prebuilt/linux-x86_64/bin/../sysroot/usr/include/aarch64-linux-android]
  ignore line: [ /home/konglobemeralt/Android/Sdk/ndk/android-ndk-r21e/toolchains/llvm/prebuilt/linux-x86_64/bin/../sysroot/usr/include]
  ignore line: [End of search list.]
  ignore line: [Linking CXX executable cmTC_1837f]
  ignore line: [/usr/bin/cmake -E cmake_link_script CMakeFiles/cmTC_1837f.dir/link.txt --verbose=1]
  ignore line: [/home/konglobemeralt/Android/Sdk/ndk/android-ndk-r21e/toolchains/llvm/prebuilt/linux-x86_64/bin/clang++ --target=aarch64-none-linux-android21  -funwind-tables -no-canonical-prefixes -fexceptions -frtti -stdlib=libc++  -g  -Wl --gc-sections -v CMakeFiles/cmTC_1837f.dir/CMakeCXXCompilerABI.cpp.o  -o cmTC_1837f   -static-libstdc++ -latomic -lm ]
  ignore line: [Android (7019983 based on r365631c3) clang version 9.0.9 (https://android.googlesource.com/toolchain/llvm-project a2a1e703c0edb03ba29944e529ccbf457742737b) (based on LLVM 9.0.9svn)]
  ignore line: [Target: aarch64-none-linux-android21]
  ignore line: [Thread model: posix]
  ignore line: [InstalledDir: /home/konglobemeralt/Android/Sdk/ndk/android-ndk-r21e/toolchains/llvm/prebuilt/linux-x86_64/bin]
  ignore line: [Found candidate GCC installation: /home/konglobemeralt/Android/Sdk/ndk/android-ndk-r21e/toolchains/llvm/prebuilt/linux-x86_64/bin/../lib/gcc/aarch64-linux-android/4.9.x]
  ignore line: [Selected GCC installation: /home/konglobemeralt/Android/Sdk/ndk/android-ndk-r21e/toolchains/llvm/prebuilt/linux-x86_64/bin/../lib/gcc/aarch64-linux-android/4.9.x]
  ignore line: [Candidate multilib: .]
  ignore line: [@m64]
  ignore line: [Selected multilib: .]
  ignore line: [@m64]
  link line: [ "/home/konglobemeralt/Android/Sdk/ndk/android-ndk-r21e/toolchains/llvm/prebuilt/linux-x86_64/bin/../lib/gcc/aarch64-linux-android/4.9.x/../../../../aarch64-linux-android/bin/ld" -pie -z noexecstack -EL --fix-cortex-a53-843419 --warn-shared-textrel -z now -z relro -z max-page-size=4096 --hash-style=both --enable-new-dtags --eh-frame-hdr -m aarch64linux -dynamic-linker /system/bin/linker64 -o cmTC_1837f /home/konglobemeralt/Android/Sdk/ndk/android-ndk-r21e/toolchains/llvm/prebuilt/linux-x86_64/bin/../sysroot/usr/lib/aarch64-linux-android/21/crtbegin_dynamic.o -L/home/konglobemeralt/Android/Sdk/ndk/android-ndk-r21e/toolchains/llvm/prebuilt/linux-x86_64/lib64/clang/9.0.9/lib/linux/aarch64 -L/home/konglobemeralt/Android/Sdk/ndk/android-ndk-r21e/toolchains/llvm/prebuilt/linux-x86_64/bin/../lib/gcc/aarch64-linux-android/4.9.x -L/home/konglobemeralt/Android/Sdk/ndk/android-ndk-r21e/toolchains/llvm/prebuilt/linux-x86_64/bin/../lib/gcc/aarch64-linux-android/4.9.x/../../../../aarch64-linux-android/lib/../lib64 -L/home/konglobemeralt/Android/Sdk/ndk/android-ndk-r21e/toolchains/llvm/prebuilt/linux-x86_64/bin/../sysroot/usr/lib/aarch64-linux-android/21 -L/home/konglobemeralt/Android/Sdk/ndk/android-ndk-r21e/toolchains/llvm/prebuilt/linux-x86_64/bin/../sysroot/usr/lib/aarch64-linux-android -L/home/konglobemeralt/Android/Sdk/ndk/android-ndk-r21e/toolchains/llvm/prebuilt/linux-x86_64/bin/../lib/gcc/aarch64-linux-android/4.9.x/../../../../aarch64-linux-android/lib -L/home/konglobemeralt/Android/Sdk/ndk/android-ndk-r21e/toolchains/llvm/prebuilt/linux-x86_64/bin/../sysroot/usr/lib --gc-sections CMakeFiles/cmTC_1837f.dir/CMakeCXXCompilerABI.cpp.o -latomic -lm -Bstatic -lc++ -Bdynamic -lm -lgcc -ldl -lc -lgcc -ldl /home/konglobemeralt/Android/Sdk/ndk/android-ndk-r21e/toolchains/llvm/prebuilt/linux-x86_64/bin/../sysroot/usr/lib/aarch64-linux-android/21/crtend_android.o]
    arg [/home/konglobemeralt/Android/Sdk/ndk/android-ndk-r21e/toolchains/llvm/prebuilt/linux-x86_64/bin/../lib/gcc/aarch64-linux-android/4.9.x/../../../../aarch64-linux-android/bin/ld] ==> ignore
    arg [-pie] ==> ignore
    arg [-znoexecstack] ==> ignore
    arg [-EL] ==> ignore
    arg [--fix-cortex-a53-843419] ==> ignore
    arg [--warn-shared-textrel] ==> ignore
    arg [-znow] ==> ignore
    arg [-zrelro] ==> ignore
    arg [-zmax-page-size=4096] ==> ignore
    arg [--hash-style=both] ==> ignore
    arg [--enable-new-dtags] ==> ignore
    arg [--eh-frame-hdr] ==> ignore
    arg [-m] ==> ignore
    arg [aarch64linux] ==> ignore
    arg [-dynamic-linker] ==> ignore
    arg [/system/bin/linker64] ==> ignore
    arg [-o] ==> ignore
    arg [cmTC_1837f] ==> ignore
    arg [/home/konglobemeralt/Android/Sdk/ndk/android-ndk-r21e/toolchains/llvm/prebuilt/linux-x86_64/bin/../sysroot/usr/lib/aarch64-linux-android/21/crtbegin_dynamic.o] ==> ignore
    arg [-L/home/konglobemeralt/Android/Sdk/ndk/android-ndk-r21e/toolchains/llvm/prebuilt/linux-x86_64/lib64/clang/9.0.9/lib/linux/aarch64] ==> dir [/home/konglobemeralt/Android/Sdk/ndk/android-ndk-r21e/toolchains/llvm/prebuilt/linux-x86_64/lib64/clang/9.0.9/lib/linux/aarch64]
    arg [-L/home/konglobemeralt/Android/Sdk/ndk/android-ndk-r21e/toolchains/llvm/prebuilt/linux-x86_64/bin/../lib/gcc/aarch64-linux-android/4.9.x] ==> dir [/home/konglobemeralt/Android/Sdk/ndk/android-ndk-r21e/toolchains/llvm/prebuilt/linux-x86_64/bin/../lib/gcc/aarch64-linux-android/4.9.x]
    arg [-L/home/konglobemeralt/Android/Sdk/ndk/android-ndk-r21e/toolchains/llvm/prebuilt/linux-x86_64/bin/../lib/gcc/aarch64-linux-android/4.9.x/../../../../aarch64-linux-android/lib/../lib64] ==> dir [/home/konglobemeralt/Android/Sdk/ndk/android-ndk-r21e/toolchains/llvm/prebuilt/linux-x86_64/bin/../lib/gcc/aarch64-linux-android/4.9.x/../../../../aarch64-linux-android/lib/../lib64]
    arg [-L/home/konglobemeralt/Android/Sdk/ndk/android-ndk-r21e/toolchains/llvm/prebuilt/linux-x86_64/bin/../sysroot/usr/lib/aarch64-linux-android/21] ==> dir [/home/konglobemeralt/Android/Sdk/ndk/android-ndk-r21e/toolchains/llvm/prebuilt/linux-x86_64/bin/../sysroot/usr/lib/aarch64-linux-android/21]
    arg [-L/home/konglobemeralt/Android/Sdk/ndk/android-ndk-r21e/toolchains/llvm/prebuilt/linux-x86_64/bin/../sysroot/usr/lib/aarch64-linux-android] ==> dir [/home/konglobemeralt/Android/Sdk/ndk/android-ndk-r21e/toolchains/llvm/prebuilt/linux-x86_64/bin/../sysroot/usr/lib/aarch64-linux-android]
    arg [-L/home/konglobemeralt/Android/Sdk/ndk/android-ndk-r21e/toolchains/llvm/prebuilt/linux-x86_64/bin/../lib/gcc/aarch64-linux-android/4.9.x/../../../../aarch64-linux-android/lib] ==> dir [/home/konglobemeralt/Android/Sdk/ndk/android-ndk-r21e/toolchains/llvm/prebuilt/linux-x86_64/bin/../lib/gcc/aarch64-linux-android/4.9.x/../../../../aarch64-linux-android/lib]
    arg [-L/home/konglobemeralt/Android/Sdk/ndk/android-ndk-r21e/toolchains/llvm/prebuilt/linux-x86_64/bin/../sysroot/usr/lib] ==> dir [/home/konglobemeralt/Android/Sdk/ndk/android-ndk-r21e/toolchains/llvm/prebuilt/linux-x86_64/bin/../sysroot/usr/lib]
    arg [--gc-sections] ==> ignore
    arg [CMakeFiles/cmTC_1837f.dir/CMakeCXXCompilerABI.cpp.o] ==> ignore
    arg [-latomic] ==> lib [atomic]
    arg [-lm] ==> lib [m]
    arg [-Bstatic] ==> ignore
    arg [-lc++] ==> lib [c++]
    arg [-Bdynamic] ==> ignore
    arg [-lm] ==> lib [m]
    arg [-lgcc] ==> lib [gcc]
    arg [-ldl] ==> lib [dl]
    arg [-lc] ==> lib [c]
    arg [-lgcc] ==> lib [gcc]
    arg [-ldl] ==> lib [dl]
    arg [/home/konglobemeralt/Android/Sdk/ndk/android-ndk-r21e/toolchains/llvm/prebuilt/linux-x86_64/bin/../sysroot/usr/lib/aarch64-linux-android/21/crtend_android.o] ==> ignore
  collapse library dir [/home/konglobemeralt/Android/Sdk/ndk/android-ndk-r21e/toolchains/llvm/prebuilt/linux-x86_64/lib64/clang/9.0.9/lib/linux/aarch64] ==> [/home/konglobemeralt/Android/Sdk/ndk/android-ndk-r21e/toolchains/llvm/prebuilt/linux-x86_64/lib64/clang/9.0.9/lib/linux/aarch64]
  collapse library dir [/home/konglobemeralt/Android/Sdk/ndk/android-ndk-r21e/toolchains/llvm/prebuilt/linux-x86_64/bin/../lib/gcc/aarch64-linux-android/4.9.x] ==> [/home/konglobemeralt/Android/Sdk/ndk/android-ndk-r21e/toolchains/llvm/prebuilt/linux-x86_64/lib/gcc/aarch64-linux-android/4.9.x]
  collapse library dir [/home/konglobemeralt/Android/Sdk/ndk/android-ndk-r21e/toolchains/llvm/prebuilt/linux-x86_64/bin/../lib/gcc/aarch64-linux-android/4.9.x/../../../../aarch64-linux-android/lib/../lib64] ==> [/home/konglobemeralt/Android/Sdk/ndk/android-ndk-r21e/toolchains/llvm/prebuilt/linux-x86_64/aarch64-linux-android/lib64]
  collapse library dir [/home/konglobemeralt/Android/Sdk/ndk/android-ndk-r21e/toolchains/llvm/prebuilt/linux-x86_64/bin/../sysroot/usr/lib/aarch64-linux-android/21] ==> [/home/konglobemeralt/Android/Sdk/ndk/android-ndk-r21e/toolchains/llvm/prebuilt/linux-x86_64/sysroot/usr/lib/aarch64-linux-android/21]
  collapse library dir [/home/konglobemeralt/Android/Sdk/ndk/android-ndk-r21e/toolchains/llvm/prebuilt/linux-x86_64/bin/../sysroot/usr/lib/aarch64-linux-android] ==> [/home/konglobemeralt/Android/Sdk/ndk/android-ndk-r21e/toolchains/llvm/prebuilt/linux-x86_64/sysroot/usr/lib/aarch64-linux-android]
  collapse library dir [/home/konglobemeralt/Android/Sdk/ndk/android-ndk-r21e/toolchains/llvm/prebuilt/linux-x86_64/bin/../lib/gcc/aarch64-linux-android/4.9.x/../../../../aarch64-linux-android/lib] ==> [/home/konglobemeralt/Android/Sdk/ndk/android-ndk-r21e/toolchains/llvm/prebuilt/linux-x86_64/aarch64-linux-android/lib]
  collapse library dir [/home/konglobemeralt/Android/Sdk/ndk/android-ndk-r21e/toolchains/llvm/prebuilt/linux-x86_64/bin/../sysroot/usr/lib] ==> [/home/konglobemeralt/Android/Sdk/ndk/android-ndk-r21e/toolchains/llvm/prebuilt/linux-x86_64/sysroot/usr/lib]
  implicit libs: [atomic;m;c++;m;gcc;dl;c;gcc;dl]
  implicit dirs: [/home/konglobemeralt/Android/Sdk/ndk/android-ndk-r21e/toolchains/llvm/prebuilt/linux-x86_64/lib64/clang/9.0.9/lib/linux/aarch64;/home/konglobemeralt/Android/Sdk/ndk/android-ndk-r21e/toolchains/llvm/prebuilt/linux-x86_64/lib/gcc/aarch64-linux-android/4.9.x;/home/konglobemeralt/Android/Sdk/ndk/android-ndk-r21e/toolchains/llvm/prebuilt/linux-x86_64/aarch64-linux-android/lib64;/home/konglobemeralt/Android/Sdk/ndk/android-ndk-r21e/toolchains/llvm/prebuilt/linux-x86_64/sysroot/usr/lib/aarch64-linux-android/21;/home/konglobemeralt/Android/Sdk/ndk/android-ndk-r21e/toolchains/llvm/prebuilt/linux-x86_64/sysroot/usr/lib/aarch64-linux-android;/home/konglobemeralt/Android/Sdk/ndk/android-ndk-r21e/toolchains/llvm/prebuilt/linux-x86_64/aarch64-linux-android/lib;/home/konglobemeralt/Android/Sdk/ndk/android-ndk-r21e/toolchains/llvm/prebuilt/linux-x86_64/sysroot/usr/lib]
  implicit fwks: []


